        -:    0:Source:D:/_BASE/_SISTEMAS/poo2/pacman/cute/cute_listener.h
        -:    0:Graph:Test.gcno
        -:    0:Data:Test.gcda
        -:    0:Runs:1
        -:    0:Programs:1
        -:    1:/*********************************************************************************
        -:    2: * This file is part of CUTE.
        -:    3: *
        -:    4: * CUTE is free software: you can redistribute it and/or modify
        -:    5: * it under the terms of the GNU Lesser General Public License as published by
        -:    6: * the Free Software Foundation, either version 3 of the License, or
        -:    7: * (at your option) any later version.
        -:    8: *
        -:    9: * CUTE is distributed in the hope that it will be useful,
        -:   10: * but WITHOUT ANY WARRANTY; without even the implied warranty of
        -:   11: * MERCHANTABILITY or FITNESS FOR A PARTICULAR PURPOSE.  See the
        -:   12: * GNU Lesser General Public License for more details.
        -:   13: *
        -:   14: * You should have received a copy of the GNU Lesser General Public License
        -:   15: * along with CUTE.  If not, see <http://www.gnu.org/licenses/>.
        -:   16: *
        -:   17: * Copyright 2007 Peter Sommerlad
        -:   18: *
        -:   19: *********************************************************************************/
        -:   20:
        -:   21:#ifndef CUTE_LISTENER_H_
        -:   22:#define CUTE_LISTENER_H_
        -:   23:#include "cute_base.h"
        -:   24:#include "cute_suite.h"
        -:   25:namespace cute {
function _ZN4cute13null_listenerC2Ev called 1 returned 100% blocks executed 100%
        1:   26:	struct null_listener{ // defines Contract of runner parameter
function _ZN4cute13null_listener5beginERKSt6vectorINS_4testESaIS2_EEPKcj called 1 returned 100% blocks executed 100%
        1:   27:		void begin(suite const &s, char const *info, size_t n_of_tests){}
function _ZN4cute13null_listener3endERKSt6vectorINS_4testESaIS2_EEPKc called 1 returned 100% blocks executed 100%
        1:   28:		void end(suite const &s, char const *info){}
function _ZN4cute13null_listener5startERKNS_4testE called 1 returned 100% blocks executed 100%
        1:   29:		void start(test const &t){}
function _ZN4cute13null_listener7successERKNS_4testEPKc called 1 returned 100% blocks executed 100%
        1:   30:		void success(test const &t,char const *msg){}
function _ZN4cute13null_listener7failureERKNS_4testERKNS_12test_failureE called 0 returned 0% blocks executed 0%
    #####:   31:		void failure(test const &t,test_failure const &e){}
function _ZN4cute13null_listener5errorERKNS_4testEPKc called 0 returned 0% blocks executed 0%
    #####:   32:		void error(test const &t,char const *what){}
        -:   33:	};
        -:   34:}
        -:   35:#endif /* CUTE_LISTENER_H_ */
        -:   36:
