        -:    0:Source:D:/_BASE/_SISTEMAS/poo2/pacman/cute/cute_xml_file.h
        -:    0:Graph:Test.gcno
        -:    0:Data:Test.gcda
        -:    0:Runs:1
        -:    0:Programs:1
        -:    1:/*
        -:    2: * cute_xml_file.h
        -:    3: *
        -:    4: *  Created on: 07.06.2013
        -:    5: *      Author: sop
        -:    6: */
        -:    7:
        -:    8:#ifndef CUTE_XML_FILE_H_
        -:    9:#define CUTE_XML_FILE_H_
        -:   10:
        -:   11:#include <fstream>
        -:   12:#include <string>
        -:   13:namespace cute {
function _ZN4cute15xml_file_openerD1Ev called 1 returned 100% blocks executed 80%
        1:   14:struct xml_file_opener {
call    0 returned 100%
branch  1 taken 100% (fallthrough)
branch  2 taken 0% (throw)
call    3 returned 100%
call    4 never executed
        -:   15:	std::string filename;
        -:   16:	std::ofstream out;
function _ZN4cute15xml_file_openerC1EiPKPKc called 1 returned 100% blocks executed 51%
        1:   17:	xml_file_opener(int argc, char const *const* argv)
        1:   18:	:filename(argc>0&&argv[0]?basename(argv[0]):"testresult.xml")
branch  0 taken 100% (fallthrough)
branch  1 taken 0%
        2:   19:	,out(filename.c_str()){}
branch  0 taken 100% (fallthrough)
branch  1 taken 0%
call    2 returned 100%
call    3 returned 100%
branch  4 taken 100% (fallthrough)
branch  5 taken 0% (throw)
call    6 returned 100%
branch  7 taken 100% (fallthrough)
branch  8 taken 0% (throw)
call    9 never executed
call   10 never executed
branch 11 never executed
branch 12 never executed
branch 13 taken 0% (fallthrough)
branch 14 taken 100%
call   15 never executed
branch 16 taken 100% (fallthrough)
branch 17 taken 0%
call   18 returned 100%
branch 19 taken 100% (fallthrough)
branch 20 taken 0% (throw)
branch 21 taken 100% (fallthrough)
branch 22 taken 0%
call   23 returned 100%
call   24 returned 100%
call   25 returned 100%
branch 26 taken 100% (fallthrough)
branch 27 taken 0% (throw)
call   28 returned 100%
branch 29 taken 100% (fallthrough)
branch 30 taken 0% (throw)
branch 31 never executed
branch 32 never executed
call   33 never executed
branch 34 never executed
branch 35 never executed
call   36 never executed
branch 37 never executed
branch 38 never executed
call   39 never executed
call   40 never executed
call   41 never executed
function _ZN4cute15xml_file_opener8basenameESs called 1 returned 100% blocks executed 100%
        1:   20:	std::string basename(std::string path){
        -:   21:#if defined( _MSC_VER ) || defined(__MINGW32__)
        1:   22:		char const sep='\\';
        -:   23:#else
        -:   24:		char const sep='/';
        -:   25:#endif
        1:   26:		std::string::size_type pos=path.find_last_of(sep,path.size()-1);
call    0 returned 100%
call    1 returned 100%
        1:   27:		if (pos != std::string::npos) path.erase(0,pos+1);
branch  0 taken 100% (fallthrough)
branch  1 taken 0%
call    2 returned 100%
        1:   28:		path+=".xml";
call    0 returned 100%
        1:   29:		return path;
call    0 returned 100%
        -:   30:	}
        -:   31:};
        -:   32:}
        -:   33:
        -:   34:#endif /* CUTE_XML_FILE_H_ */
